15:36:23.742 [main] INFO  - chrome driver started
15:36:25.523 [main] INFO  - starting loginpage test
15:37:21.450 [main] INFO  - chrome driver started
15:37:23.255 [main] INFO  - starting loginpage test
11:54:56.208 [main] INFO  - chrome driver started
11:54:58.088 [main] INFO  - starting loginpage test
12:39:09.181 [main] INFO  - chrome driver started
12:39:10.679 [main] INFO  - starting loginpage test
12:39:10.935 [main] INFO  - Submitting the login page
12:42:27.867 [main] INFO  - chrome driver started
12:42:29.261 [main] INFO  - starting loginpage test
12:42:29.588 [main] INFO  - Submitting the login page
12:43:02.495 [main] INFO  - chrome driver started
12:43:03.870 [main] INFO  - starting loginpage test
12:43:04.185 [main] INFO  - Submitting the login page
12:44:03.966 [main] INFO  - chrome driver started
12:44:05.254 [main] INFO  - starting loginpage test
12:44:05.577 [main] INFO  - Submitting the login page
12:44:51.517 [main] INFO  - chrome driver started
12:44:52.842 [main] INFO  - starting loginpage test
12:45:50.843 [main] INFO  - chrome driver started
12:45:52.152 [main] INFO  - starting loginpage test
12:45:52.472 [main] INFO  - Submitting the login page
12:47:16.760 [main] INFO  - chrome driver started
12:47:17.896 [main] INFO  - starting loginpage test
12:48:44.473 [main] INFO  - chrome driver started
12:49:25.510 [main] INFO  - chrome driver started
12:49:26.847 [main] INFO  - starting loginpage test
12:49:27.186 [main] INFO  - Submitting the login page
12:50:05.870 [main] INFO  - chrome driver started
12:50:07.230 [main] INFO  - starting loginpage test
12:50:12.560 [main] INFO  - Submitting the login page
12:53:24.720 [main] INFO  - chrome driver started
12:53:26.059 [main] INFO  - starting loginpage test
12:53:31.405 [main] INFO  - Submitting the login page
12:54:18.625 [main] INFO  - chrome driver started
12:54:19.674 [main] INFO  - starting loginpage test
12:54:30.024 [main] INFO  - Submitting the login page
14:02:38.176 [main] INFO  - chrome driver started
14:02:39.535 [main] INFO  - starting loginpage test
14:02:49.883 [main] INFO  - Submitting the login page
14:03:11.320 [main] INFO  - chrome driver started
14:03:14.116 [main] INFO  - starting loginpage test
14:03:14.439 [main] INFO  - Submitting the login page
14:04:01.448 [main] INFO  - chrome driver started
14:04:02.740 [main] INFO  - starting loginpage test
14:04:03.049 [main] INFO  - Submitting the login page
14:14:07.798 [main] INFO  - chrome driver started
14:14:09.060 [main] INFO  - starting loginpage test
14:14:09.384 [main] INFO  - Submitting the login page
14:14:41.048 [main] INFO  - chrome driver started
14:14:42.140 [main] INFO  - starting loginpage test
14:14:52.477 [main] INFO  - Submitting the login page
14:15:06.428 [main] INFO  - chrome driver started
14:15:08.535 [main] INFO  - starting loginpage test
14:15:18.877 [main] INFO  - Submitting the login page
14:18:33.669 [main] INFO  - chrome driver started
14:18:34.980 [main] INFO  - starting loginpage test
14:18:45.297 [main] INFO  - Submitting the login page
14:23:28.496 [main] INFO  - chrome driver started
14:23:29.599 [main] INFO  - starting loginpage test
14:23:57.357 [main] INFO  - chrome driver started
14:23:59.361 [main] INFO  - starting loginpage test
14:25:30.217 [main] INFO  - chrome driver started
14:25:31.640 [main] INFO  - starting loginpage test
14:25:36.927 [main] INFO  - Submitting the login page
14:28:33.682 [main] INFO  - chrome driver started
14:28:35.014 [main] INFO  - starting loginpage test
14:28:40.317 [main] INFO  - Submitting the login page
14:31:06.003 [main] INFO  - chrome driver started
14:31:07.356 [main] INFO  - starting loginpage test
14:31:12.622 [main] INFO  - Submitting the login page
14:31:49.054 [main] INFO  - chrome driver started
14:31:50.354 [main] INFO  - starting loginpage test
14:32:00.631 [main] INFO  - Submitting the login page
14:32:22.156 [main] INFO  - chrome driver started
14:32:23.478 [main] INFO  - starting loginpage test
14:34:53.028 [main] INFO  - chrome driver started
14:34:54.365 [main] INFO  - starting loginpage test
14:35:17.996 [main] INFO  - chrome driver started
14:35:19.328 [main] INFO  - starting loginpage test
14:35:24.731 [main] INFO  - Submitting the login page
14:35:45.743 [main] INFO  - chrome driver started
14:35:47.436 [main] INFO  - starting loginpage test
14:36:30.850 [main] INFO  - chrome driver started
14:36:32.456 [main] INFO  - starting loginpage test
14:36:42.911 [main] INFO  - Submitting the login page
14:37:14.598 [main] INFO  - chrome driver started
14:37:15.641 [main] INFO  - starting loginpage test
14:37:26.005 [main] INFO  - Submitting the login page
20:12:08.535 [main] INFO  - chrome driver started
20:12:09.831 [main] INFO  - starting loginpage test
20:12:20.230 [main] INFO  - Submitting the login page
20:41:15.931 [main] INFO  - chrome driver started
20:41:18.300 [main] INFO  - starting loginpage test
20:41:28.647 [main] INFO  - Submitting the login page
13:25:14.057 [main] INFO  - chrome driver started
13:25:15.120 [main] INFO  - starting affliate test
13:25:20.496 [main] INFO  - starting loginpage test
13:25:30.836 [main] INFO  - Submitting the login page
13:30:15.373 [main] INFO  - chrome driver started
13:30:16.613 [main] INFO  - starting affliate test
13:35:23.281 [main] INFO  - chrome driver started
13:35:24.515 [main] INFO  - starting affliate test
13:35:29.884 [main] INFO  - starting loginpage test
13:35:40.219 [main] INFO  - Submitting the login page
13:36:11.970 [main] INFO  - chrome driver started
13:36:13.267 [main] INFO  - starting affliate test
13:38:54.652 [main] INFO  - chrome driver started
13:38:55.735 [main] INFO  - starting affliate test
13:39:16.972 [main] INFO  - chrome driver started
13:39:18.281 [main] INFO  - starting affliate test
13:39:23.620 [main] INFO  - starting loginpage test
13:39:33.952 [main] INFO  - Submitting the login page
13:40:26.311 [main] INFO  - chrome driver started
13:40:28.173 [main] INFO  - starting affliate test
13:40:43.837 [main] INFO  - starting loginpage test
13:40:54.186 [main] INFO  - Submitting the login page
13:44:33.894 [main] INFO  - chrome driver started
13:44:47.282 [main] INFO  - starting affliate test
13:45:35.353 [main] INFO  - chrome driver started
13:45:36.479 [main] INFO  - starting affliate test
13:50:42.298 [main] INFO  - chrome driver started
13:50:43.593 [main] INFO  - starting affliate test
13:52:32.596 [main] INFO  - chrome driver started
13:52:34.164 [main] INFO  - starting loginpage test
13:53:20.064 [main] INFO  - chrome driver started
13:53:21.391 [main] INFO  - starting affliate test
13:54:16.461 [main] INFO  - chrome driver started
13:54:17.517 [main] INFO  - starting loginpage test
13:54:49.753 [main] INFO  - chrome driver started
13:54:51.262 [main] INFO  - starting loginpage test
13:55:01.610 [main] INFO  - Submitting the login page
13:55:01.750 [main] INFO  - starting affliate test
13:56:09.730 [main] INFO  - chrome driver started
13:56:11.092 [main] INFO  - starting loginpage test
13:56:21.513 [main] INFO  - Submitting the login page
13:56:21.661 [main] INFO  - starting affliate test
13:57:15.417 [main] INFO  - chrome driver started
13:57:16.709 [main] INFO  - starting loginpage test
13:57:27.211 [main] INFO  - starting affliate test
13:58:40.576 [main] INFO  - chrome driver started
13:58:41.875 [main] INFO  - starting loginpage test
13:58:52.792 [main] INFO  - Submitting the login page
13:58:52.937 [main] INFO  - starting affliate test
13:59:32.564 [main] INFO  - chrome driver started
13:59:33.963 [main] INFO  - starting loginpage test
13:59:49.356 [main] INFO  - Submitting the login page
13:59:49.376 [main] INFO  - starting affliate test
14:16:18.966 [main] INFO  - chrome driver started
14:16:20.261 [main] INFO  - starting loginpage test
14:16:30.781 [main] INFO  - starting affliate test
14:18:59.743 [main] INFO  - chrome driver started
14:19:01.276 [main] INFO  - starting loginpage test
14:19:16.665 [main] INFO  - Submitting the login page
14:19:16.684 [main] INFO  - starting affliate test
14:19:45.833 [main] INFO  - chrome driver started
14:19:48.115 [main] INFO  - starting loginpage test
14:19:58.605 [main] INFO  - starting affliate test
14:23:08.686 [main] INFO  - chrome driver started
14:23:09.669 [main] INFO  - starting loginpage test
14:23:17.185 [main] INFO  - starting affliate test
14:27:02.104 [main] INFO  - chrome driver started
14:27:03.482 [main] INFO  - starting loginpage test
14:27:13.860 [main] INFO  - Submitting the login page
14:27:14.001 [main] INFO  - starting affliate test
20:25:46.200 [main] INFO  - chrome driver started
20:25:47.417 [main] INFO  - starting loginpage test
20:25:54.986 [main] INFO  - Submitting the login page
20:25:55.024 [main] INFO  - starting affliate test
20:47:10.939 [main] INFO  - chrome driver started
20:47:12.221 [main] INFO  - starting loginpage test
20:47:19.710 [main] INFO  - Submitting the login page
20:47:19.998 [main] INFO  - starting affliate test
20:47:48.406 [main] INFO  - chrome driver started
20:47:49.671 [main] INFO  - starting loginpage test
20:47:57.175 [main] INFO  - Submitting the login page
20:47:57.211 [main] INFO  - starting affliate test
21:25:53.780 [main] INFO  - chrome driver started
21:25:55.090 [main] INFO  - starting loginpage test
21:26:02.593 [main] INFO  - Submitting the login page
21:26:02.859 [main] INFO  - starting affliate test
21:27:31.175 [main] INFO  - chrome driver started
21:27:32.601 [main] INFO  - starting loginpage test
21:27:40.090 [main] INFO  - Submitting the login page
21:27:40.354 [main] INFO  - starting affliate test
21:28:20.635 [main] INFO  - chrome driver started
21:28:22.069 [main] INFO  - starting loginpage test
21:28:29.633 [main] INFO  - Submitting the login page
21:28:29.898 [main] INFO  - starting affliate test
21:29:14.207 [main] INFO  - chrome driver started
21:29:15.271 [main] INFO  - starting loginpage test
21:29:22.773 [main] INFO  - Submitting the login page
21:29:23.311 [main] INFO  - starting affliate test
21:33:16.040 [main] INFO  - chrome driver started
21:33:17.567 [main] INFO  - starting loginpage test
21:33:25.122 [main] INFO  - Submitting the login page
21:33:25.158 [main] INFO  - starting affliate test
21:34:47.338 [main] INFO  - chrome driver started
21:34:48.444 [main] INFO  - starting loginpage test
21:34:55.977 [main] INFO  - Submitting the login page
21:34:56.013 [main] INFO  - starting affliate test
21:35:36.107 [main] INFO  - chrome driver started
21:35:37.550 [main] INFO  - starting loginpage test
21:35:45.068 [main] INFO  - Submitting the login page
21:35:45.103 [main] INFO  - starting affliate test
21:36:22.567 [main] INFO  - chrome driver started
21:36:24.016 [main] INFO  - starting loginpage test
21:36:31.536 [main] INFO  - Submitting the login page
21:37:21.855 [main] INFO  - chrome driver started
21:37:23.057 [main] INFO  - starting loginpage test
21:39:36.496 [main] INFO  - Submitting the login page
21:40:55.587 [main] INFO  - starting affliate test
21:43:09.087 [main] INFO  - chrome driver started
21:43:10.377 [main] INFO  - starting loginpage test
21:44:34.942 [main] INFO  - Submitting the login page
21:45:20.135 [main] INFO  - starting affliate test
21:51:50.519 [main] INFO  - chrome driver started
21:51:51.679 [main] INFO  - starting loginpage test
21:52:24.467 [main] INFO  - Submitting the login page
21:52:53.523 [main] INFO  - starting affliate test
21:57:25.076 [main] INFO  - chrome driver started
21:57:26.252 [main] INFO  - starting loginpage test
21:57:33.715 [main] INFO  - Submitting the login page
21:57:33.749 [main] INFO  - starting affliate test
21:57:52.317 [main] INFO  - chrome driver started
21:57:53.455 [main] INFO  - starting loginpage test
21:58:36.238 [main] INFO  - Submitting the login page
21:59:01.121 [main] INFO  - starting affliate test
22:02:14.665 [main] INFO  - chrome driver started
22:02:16.068 [main] INFO  - starting loginpage test
22:02:55.963 [main] INFO  - Submitting the login page
22:03:26.256 [main] INFO  - starting affliate test
22:04:14.297 [main] INFO  - chrome driver started
22:04:15.578 [main] INFO  - starting loginpage test
22:05:33.956 [main] INFO  - Submitting the login page
22:06:22.553 [main] INFO  - starting affliate test
22:07:30.566 [main] INFO  - chrome driver started
22:07:31.651 [main] INFO  - starting loginpage test
22:08:19.112 [main] INFO  - Submitting the login page
22:08:51.079 [main] INFO  - starting affliate test
22:12:56.512 [main] INFO  - chrome driver started
22:12:57.573 [main] INFO  - starting loginpage test
22:13:38.211 [main] INFO  - Submitting the login page
22:14:03.774 [main] INFO  - starting affliate test
22:16:02.552 [main] INFO  - chrome driver started
22:16:03.724 [main] INFO  - starting loginpage test
22:16:44.766 [main] INFO  - Submitting the login page
22:17:13.842 [main] INFO  - starting affliate test
22:19:14.241 [main] INFO  - chrome driver started
22:19:15.287 [main] INFO  - starting loginpage test
22:19:22.806 [main] INFO  - Submitting the login page
22:19:22.868 [main] INFO  - starting affliate test
20:45:24.414 [main] INFO  - chrome driver started
20:46:06.786 [main] INFO  - chrome driver started
20:46:12.538 [main] INFO  - starting Pagination test
20:47:45.005 [main] INFO  - chrome driver started
20:47:45.958 [main] INFO  - starting Pagination test
20:48:51.426 [main] INFO  - chrome driver started
20:48:52.300 [main] INFO  - starting Pagination test
20:49:06.738 [main] INFO  - chrome driver started
20:49:07.485 [main] INFO  - starting Pagination test
21:17:19.733 [main] INFO  - chrome driver started
21:17:23.265 [main] INFO  - starting Pagination test
21:20:15.600 [main] INFO  - chrome driver started
21:20:16.447 [main] INFO  - starting Pagination test
12:36:26.547 [main] INFO  - chrome driver started
12:40:34.948 [main] INFO  - chrome driver started
12:57:53.039 [main] INFO  - chrome driver started
13:00:35.849 [main] INFO  - chrome driver started
13:03:00.723 [main] INFO  - chrome driver started
13:04:04.392 [main] INFO  - chrome driver started
13:05:32.079 [main] INFO  - chrome driver started
13:05:33.265 [main] INFO  - starting Pagination test
13:08:51.685 [main] INFO  - chrome driver started
13:10:12.732 [main] INFO  - chrome driver started
13:17:32.169 [main] INFO  - chrome driver started
13:21:55.031 [main] INFO  - chrome driver started
16:18:44.727 [main] INFO  - chrome driver started
16:27:54.645 [main] INFO  - chrome driver started
16:29:44.325 [main] INFO  - chrome driver started
16:31:38.525 [main] INFO  - chrome driver started
16:33:51.780 [main] INFO  - chrome driver started
16:36:27.233 [main] INFO  - chrome driver started
16:39:52.377 [main] INFO  - chrome driver started
16:40:16.267 [main] INFO  - chrome driver started
16:41:56.427 [main] INFO  - chrome driver started
16:43:40.579 [main] INFO  - chrome driver started
16:44:38.234 [main] INFO  - chrome driver started
17:06:08.197 [main] INFO  - chrome driver started
17:33:34.183 [main] INFO  - chrome driver started
17:35:04.999 [main] INFO  - chrome driver started
17:35:06.431 [main] DEBUG - Parsing relationship: /xl/_rels/workbook.xml.rels
17:35:06.433 [main] DEBUG - Parsing relationship: /xl/worksheets/_rels/sheet1.xml.rels
17:35:06.434 [main] DEBUG - Parsing relationship: /_rels/.rels
17:35:38.336 [main] INFO  - chrome driver started
17:35:39.415 [main] DEBUG - Parsing relationship: /xl/_rels/workbook.xml.rels
17:35:39.417 [main] DEBUG - Parsing relationship: /xl/worksheets/_rels/sheet1.xml.rels
17:35:39.418 [main] DEBUG - Parsing relationship: /_rels/.rels
17:43:29.662 [main] INFO  - chrome driver started
17:47:20.427 [main] INFO  - chrome driver started
18:11:55.938 [main] INFO  - chrome driver started
18:15:45.828 [main] INFO  - chrome driver started
18:15:46.851 [main] DEBUG - Parsing relationship: /xl/_rels/workbook.xml.rels
18:15:46.854 [main] DEBUG - Parsing relationship: /xl/worksheets/_rels/sheet1.xml.rels
18:15:46.855 [main] DEBUG - Parsing relationship: /_rels/.rels
18:16:01.197 [main] INFO  - chrome driver started
18:16:02.006 [main] DEBUG - Parsing relationship: /xl/_rels/workbook.xml.rels
18:16:02.009 [main] DEBUG - Parsing relationship: /xl/worksheets/_rels/sheet1.xml.rels
18:16:02.012 [main] DEBUG - Parsing relationship: /_rels/.rels
18:16:49.067 [main] INFO  - chrome driver started
18:16:50.432 [main] DEBUG - Parsing relationship: /xl/_rels/workbook.xml.rels
18:16:50.435 [main] DEBUG - Parsing relationship: /xl/worksheets/_rels/sheet1.xml.rels
18:16:50.436 [main] DEBUG - Parsing relationship: /_rels/.rels
18:17:40.594 [main] INFO  - chrome driver started
18:17:41.632 [main] DEBUG - Parsing relationship: /xl/_rels/workbook.xml.rels
18:17:41.635 [main] DEBUG - Parsing relationship: /xl/worksheets/_rels/sheet1.xml.rels
18:17:41.636 [main] DEBUG - Parsing relationship: /_rels/.rels
18:17:42.057 [main] INFO  - starting FillFormTest test
18:17:42.247 [main] INFO  - starting FillFormTest test
18:31:08.239 [main] INFO  - chrome driver started
18:31:20.143 [main] DEBUG - Parsing relationship: /xl/_rels/workbook.xml.rels
18:31:20.145 [main] DEBUG - Parsing relationship: /xl/worksheets/_rels/sheet1.xml.rels
18:31:20.146 [main] DEBUG - Parsing relationship: /_rels/.rels
18:31:20.529 [main] INFO  - starting FillFormTest test
18:45:22.584 [main] INFO  - chrome driver started
18:45:23.882 [main] DEBUG - Parsing relationship: /xl/_rels/workbook.xml.rels
18:45:23.885 [main] DEBUG - Parsing relationship: /xl/worksheets/_rels/sheet1.xml.rels
18:45:23.887 [main] DEBUG - Parsing relationship: /_rels/.rels
18:45:24.289 [main] INFO  - starting FillFormTest test
18:45:25.051 [main] INFO  - starting FillFormTest test
18:49:12.629 [main] INFO  - chrome driver started
18:49:13.753 [main] DEBUG - Parsing relationship: /xl/_rels/workbook.xml.rels
18:49:13.756 [main] DEBUG - Parsing relationship: /xl/worksheets/_rels/sheet1.xml.rels
18:49:13.757 [main] DEBUG - Parsing relationship: /_rels/.rels
18:49:14.143 [main] INFO  - starting FillFormTest test
18:49:15.027 [main] INFO  - starting FillFormTest test
09:39:32.336 [main] INFO  - chrome driver started
09:40:04.692 [main] DEBUG - Parsing relationship: /xl/_rels/workbook.xml.rels
09:40:04.787 [main] DEBUG - Parsing relationship: /xl/worksheets/_rels/sheet1.xml.rels
09:40:04.870 [main] DEBUG - Parsing relationship: /_rels/.rels
09:40:33.215 [main] INFO  - starting FillDates test
09:41:46.077 [main] INFO  - starting FillDates test
09:41:51.030 [main] INFO  - starting FillDates test
09:48:04.475 [main] INFO  - chrome driver started
09:48:34.654 [main] DEBUG - Parsing relationship: /xl/_rels/workbook.xml.rels
09:48:34.749 [main] DEBUG - Parsing relationship: /xl/worksheets/_rels/sheet1.xml.rels
09:48:34.803 [main] DEBUG - Parsing relationship: /_rels/.rels
09:48:50.156 [main] INFO  - starting FillDates test
09:56:49.447 [main] INFO  - chrome driver started
09:56:59.785 [main] DEBUG - Parsing relationship: /xl/_rels/workbook.xml.rels
09:56:59.787 [main] DEBUG - Parsing relationship: /xl/worksheets/_rels/sheet1.xml.rels
09:56:59.789 [main] DEBUG - Parsing relationship: /_rels/.rels
09:57:09.058 [main] INFO  - starting FillDates test
09:59:43.067 [main] INFO  - starting FillDates test
10:01:16.795 [main] INFO  - starting FillDates test
10:09:00.366 [main] INFO  - chrome driver started
10:09:26.378 [main] DEBUG - Parsing relationship: /xl/_rels/workbook.xml.rels
10:09:26.474 [main] DEBUG - Parsing relationship: /xl/worksheets/_rels/sheet1.xml.rels
10:09:26.528 [main] DEBUG - Parsing relationship: /_rels/.rels
10:10:17.021 [main] INFO  - chrome driver started
10:10:32.208 [main] DEBUG - Parsing relationship: /xl/_rels/workbook.xml.rels
10:10:32.304 [main] DEBUG - Parsing relationship: /xl/worksheets/_rels/sheet1.xml.rels
10:10:32.357 [main] DEBUG - Parsing relationship: /_rels/.rels
10:10:46.630 [main] INFO  - starting FillDates test
10:12:55.340 [main] INFO  - chrome driver started
10:12:56.099 [main] DEBUG - Parsing relationship: /xl/_rels/workbook.xml.rels
10:12:56.101 [main] DEBUG - Parsing relationship: /xl/worksheets/_rels/sheet1.xml.rels
10:12:56.103 [main] DEBUG - Parsing relationship: /_rels/.rels
10:12:56.508 [main] INFO  - starting FillDates test
10:12:57.654 [main] INFO  - starting FillDates test
10:12:59.596 [main] INFO  - starting FillDates test
20:47:53.334 [main] INFO  - chrome driver started
20:47:54.454 [main] DEBUG - Parsing relationship: /xl/_rels/workbook.xml.rels
20:47:54.456 [main] DEBUG - Parsing relationship: /xl/worksheets/_rels/sheet1.xml.rels
20:47:54.458 [main] DEBUG - Parsing relationship: /_rels/.rels
20:47:54.909 [main] DEBUG - Parsing relationship: /xl/_rels/workbook.xml.rels
20:47:54.910 [main] DEBUG - Parsing relationship: /xl/worksheets/_rels/sheet1.xml.rels
20:47:54.911 [main] DEBUG - Parsing relationship: /_rels/.rels
20:47:55.195 [main] DEBUG - Parsing relationship: /xl/_rels/workbook.xml.rels
20:47:55.196 [main] DEBUG - Parsing relationship: /xl/worksheets/_rels/sheet1.xml.rels
20:47:55.197 [main] DEBUG - Parsing relationship: /_rels/.rels
20:47:55.219 [main] INFO  - starting FillDates test
20:47:56.443 [main] INFO  - starting FillDates test
20:47:58.261 [main] INFO  - starting FillDates test
20:49:40.666 [main] INFO  - chrome driver started
20:49:41.811 [main] DEBUG - Parsing relationship: /xl/_rels/workbook.xml.rels
20:49:41.815 [main] DEBUG - Parsing relationship: /xl/worksheets/_rels/sheet1.xml.rels
20:49:41.816 [main] DEBUG - Parsing relationship: /_rels/.rels
20:49:42.198 [main] DEBUG - Parsing relationship: /xl/_rels/workbook.xml.rels
20:49:42.199 [main] DEBUG - Parsing relationship: /xl/worksheets/_rels/sheet1.xml.rels
20:49:42.199 [main] DEBUG - Parsing relationship: /_rels/.rels
20:49:42.475 [main] DEBUG - Parsing relationship: /xl/_rels/workbook.xml.rels
20:49:42.475 [main] DEBUG - Parsing relationship: /xl/worksheets/_rels/sheet1.xml.rels
20:49:42.477 [main] DEBUG - Parsing relationship: /_rels/.rels
20:49:42.508 [main] INFO  - starting FillDates test
20:49:43.665 [main] INFO  - starting FillDates test
20:49:45.379 [main] INFO  - starting FillDates test
20:54:05.319 [main] INFO  - chrome driver started
20:54:07.081 [main] DEBUG - Parsing relationship: /xl/_rels/workbook.xml.rels
20:54:07.084 [main] DEBUG - Parsing relationship: /xl/worksheets/_rels/sheet1.xml.rels
20:54:07.085 [main] DEBUG - Parsing relationship: /_rels/.rels
20:54:07.467 [main] DEBUG - Parsing relationship: /xl/_rels/workbook.xml.rels
20:54:07.468 [main] DEBUG - Parsing relationship: /xl/worksheets/_rels/sheet1.xml.rels
20:54:07.469 [main] DEBUG - Parsing relationship: /_rels/.rels
20:54:07.760 [main] DEBUG - Parsing relationship: /xl/_rels/workbook.xml.rels
20:54:07.761 [main] DEBUG - Parsing relationship: /xl/worksheets/_rels/sheet1.xml.rels
20:54:07.762 [main] DEBUG - Parsing relationship: /_rels/.rels
20:54:07.785 [main] INFO  - starting FillDates test
20:54:08.867 [main] INFO  - starting FillDates test
20:54:10.614 [main] INFO  - starting FillDates test
20:57:24.303 [main] INFO  - chrome driver started
20:58:02.149 [main] INFO  - chrome driver started
20:58:03.490 [main] DEBUG - Parsing relationship: /xl/_rels/workbook.xml.rels
20:58:03.493 [main] DEBUG - Parsing relationship: /xl/worksheets/_rels/sheet1.xml.rels
20:58:03.495 [main] DEBUG - Parsing relationship: /_rels/.rels
20:58:03.894 [main] INFO  - starting FillFormTest test
20:58:04.770 [main] INFO  - starting FillFormTest test
20:58:05.521 [main] DEBUG - Parsing relationship: /xl/_rels/workbook.xml.rels
20:58:05.522 [main] DEBUG - Parsing relationship: /xl/worksheets/_rels/sheet1.xml.rels
20:58:05.523 [main] DEBUG - Parsing relationship: /_rels/.rels
20:58:05.545 [main] INFO  - starting FillDates test
20:58:06.581 [main] INFO  - starting FillDates test
20:58:08.339 [main] INFO  - starting FillDates test
20:58:33.476 [main] INFO  - chrome driver started
20:58:34.502 [main] DEBUG - Parsing relationship: /xl/_rels/workbook.xml.rels
20:58:34.507 [main] DEBUG - Parsing relationship: /xl/worksheets/_rels/sheet1.xml.rels
20:58:34.508 [main] DEBUG - Parsing relationship: /_rels/.rels
20:58:34.951 [main] INFO  - starting FillFormTest test
20:58:35.910 [main] INFO  - starting FillFormTest test
20:58:36.757 [main] DEBUG - Parsing relationship: /xl/_rels/workbook.xml.rels
20:58:36.758 [main] DEBUG - Parsing relationship: /xl/worksheets/_rels/sheet1.xml.rels
20:58:36.759 [main] DEBUG - Parsing relationship: /_rels/.rels
20:58:36.784 [main] INFO  - starting FillDates test
20:58:37.824 [main] INFO  - starting FillDates test
20:58:39.578 [main] INFO  - starting FillDates test
19:16:29.953 [main] DEBUG - Parsing relationship: /xl/_rels/workbook.xml.rels
19:16:29.958 [main] DEBUG - Parsing relationship: /xl/worksheets/_rels/sheet1.xml.rels
19:16:29.959 [main] DEBUG - Parsing relationship: /_rels/.rels
19:16:30.421 [main] DEBUG - Parsing relationship: /xl/_rels/workbook.xml.rels
19:16:30.422 [main] DEBUG - Parsing relationship: /xl/worksheets/_rels/sheet1.xml.rels
19:16:30.423 [main] DEBUG - Parsing relationship: /_rels/.rels
19:24:15.968 [main] DEBUG - Parsing relationship: /xl/_rels/workbook.xml.rels
19:24:15.972 [main] DEBUG - Parsing relationship: /xl/worksheets/_rels/sheet1.xml.rels
19:24:15.974 [main] DEBUG - Parsing relationship: /_rels/.rels
19:24:16.382 [main] DEBUG - Parsing relationship: /xl/_rels/workbook.xml.rels
19:24:16.383 [main] DEBUG - Parsing relationship: /xl/worksheets/_rels/sheet1.xml.rels
19:24:16.383 [main] DEBUG - Parsing relationship: /_rels/.rels
19:24:42.380 [main] DEBUG - Parsing relationship: /xl/_rels/workbook.xml.rels
19:24:42.383 [main] DEBUG - Parsing relationship: /xl/worksheets/_rels/sheet1.xml.rels
19:24:42.385 [main] DEBUG - Parsing relationship: /_rels/.rels
19:24:42.786 [main] DEBUG - Parsing relationship: /xl/_rels/workbook.xml.rels
19:24:42.787 [main] DEBUG - Parsing relationship: /xl/worksheets/_rels/sheet1.xml.rels
19:24:42.788 [main] DEBUG - Parsing relationship: /_rels/.rels
19:25:39.948 [main] DEBUG - Parsing relationship: /xl/_rels/workbook.xml.rels
19:25:39.952 [main] DEBUG - Parsing relationship: /xl/worksheets/_rels/sheet1.xml.rels
19:25:39.953 [main] DEBUG - Parsing relationship: /_rels/.rels
19:25:40.344 [main] DEBUG - Parsing relationship: /xl/_rels/workbook.xml.rels
19:25:40.345 [main] DEBUG - Parsing relationship: /xl/worksheets/_rels/sheet1.xml.rels
19:25:40.346 [main] DEBUG - Parsing relationship: /_rels/.rels
